[35m[1mConsolidate compiler generated dependencies of target serial_reading_node[0m
[ 50%] [32mBuilding CXX object CMakeFiles/serial_reading_node.dir/src/serial_reading.cpp.o[0m
[01m[K/home/insa/Desktop/VigiWheels/raspberryPI3/ros2_ws/src/fire_detection/src/serial_reading.cpp:[m[K In member function â€˜[01m[Kint SerialReadingNode::serialCommunication()[m[Kâ€™:
[01m[K/home/insa/Desktop/VigiWheels/raspberryPI3/ros2_ws/src/fire_detection/src/serial_reading.cpp:118:17:[m[K [01;31m[Kerror: [m[Kâ€˜[01m[Kstruct interfaces::msg::FireSensor_<std::allocator<void> >[m[Kâ€™ has no member named â€˜[01m[Kir_sensor_1[m[Kâ€™; did you mean â€˜[01m[Kir_sensor1[m[Kâ€™?
  118 |             msg.[01;31m[Kir_sensor_1[m[K = ir_sensor1_value;
      |                 [01;31m[K^~~~~~~~~~~[m[K
      |                 [32m[Kir_sensor1[m[K
[01m[K/home/insa/Desktop/VigiWheels/raspberryPI3/ros2_ws/src/fire_detection/src/serial_reading.cpp:119:17:[m[K [01;31m[Kerror: [m[Kâ€˜[01m[Kstruct interfaces::msg::FireSensor_<std::allocator<void> >[m[Kâ€™ has no member named â€˜[01m[Kir_sensor_2[m[Kâ€™; did you mean â€˜[01m[Kir_sensor2[m[Kâ€™?
  119 |             msg.[01;31m[Kir_sensor_2[m[K = ir_sensor2_value;
      |                 [01;31m[K^~~~~~~~~~~[m[K
      |                 [32m[Kir_sensor2[m[K
gmake[2]: *** [CMakeFiles/serial_reading_node.dir/build.make:76: CMakeFiles/serial_reading_node.dir/src/serial_reading.cpp.o] Error 1
gmake[1]: *** [CMakeFiles/Makefile2:137: CMakeFiles/serial_reading_node.dir/all] Error 2
gmake: *** [Makefile:146: all] Error 2
