[35m[1mConsolidate compiler generated dependencies of target serial_reading_node[0m
[ 50%] Built target serial_writing_node
[ 75%] [32mBuilding CXX object CMakeFiles/serial_reading_node.dir/src/serial_reading.cpp.o[0m
[01m[K/home/insa/Desktop/VigiWheels/raspberryPI3/ros2_ws/src/serial_port/src/serial_reading.cpp:[m[K In member function â€˜[01m[Kvoid SerialReadingNode::receiveDataFire()[m[Kâ€™:
[01m[K/home/insa/Desktop/VigiWheels/raspberryPI3/ros2_ws/src/serial_port/src/serial_reading.cpp:126:24:[m[K [01;31m[Kerror: [m[Kâ€˜[01m[KMAX_FRAME_SIZE[m[Kâ€™ was not declared in this scope
  126 |         char frame_buf[[01;31m[KMAX_FRAME_SIZE[m[K];
      |                        [01;31m[K^~~~~~~~~~~~~~[m[K
[01m[K/home/insa/Desktop/VigiWheels/raspberryPI3/ros2_ws/src/serial_port/src/serial_reading.cpp:137:24:[m[K [01;31m[Kerror: [m[Kâ€˜[01m[Kframe_buf[m[Kâ€™ was not declared in this scope
  137 |                 sscanf([01;31m[Kframe_buf[m[K, "IR_SENSOR1=%d|IR_SENSOR2=%d|IR_SENSOR3=%d|IR_SENSOR4=%d|SMOKE_SENSOR1=%d|SMOKE_SENSOR2=%d",
      |                        [01;31m[K^~~~~~~~~[m[K
[01m[K/home/insa/Desktop/VigiWheels/raspberryPI3/ros2_ws/src/serial_port/src/serial_reading.cpp:156:17:[m[K [01;31m[Kerror: [m[Kâ€˜[01m[Kframe_buf[m[Kâ€™ was not declared in this scope
  156 |                 [01;31m[Kframe_buf[m[K[frame_index++] = buf;
      |                 [01;31m[K^~~~~~~~~[m[K
gmake[2]: *** [CMakeFiles/serial_reading_node.dir/build.make:76: CMakeFiles/serial_reading_node.dir/src/serial_reading.cpp.o] Error 1
gmake[1]: *** [CMakeFiles/Makefile2:139: CMakeFiles/serial_reading_node.dir/all] Error 2
gmake: *** [Makefile:146: all] Error 2
