[35m[1mConsolidate compiler generated dependencies of target serial_reading_node[0m
[ 50%] Built target serial_writing_node
[ 75%] [32mBuilding CXX object CMakeFiles/serial_reading_node.dir/src/serial_reading.cpp.o[0m
[01m[K/home/insa/Desktop/VigiWheels/raspberryPI3/ros2_ws/src/serial_port/src/serial_reading.cpp:[m[K In member function â€˜[01m[Kvoid SerialReadingNode::receiveDataFire()[m[Kâ€™:
[01m[K/home/insa/Desktop/VigiWheels/raspberryPI3/ros2_ws/src/serial_port/src/serial_reading.cpp:159:36:[m[K [01;31m[Kerror: [m[Kâ€˜[01m[KMAX_FRAME_SIZE[m[Kâ€™ was not declared in this scope
  159 |                 if (frame_index >= [01;31m[KMAX_FRAME_SIZE[m[K - 1)
      |                                    [01;31m[K^~~~~~~~~~~~~~[m[K
gmake[2]: *** [CMakeFiles/serial_reading_node.dir/build.make:76: CMakeFiles/serial_reading_node.dir/src/serial_reading.cpp.o] Error 1
gmake[1]: *** [CMakeFiles/Makefile2:139: CMakeFiles/serial_reading_node.dir/all] Error 2
gmake: *** [Makefile:146: all] Error 2
