[0.052s] Invoking command in '/home/insa/Desktop/VigiWheels/raspberryPI3/ros2_ws/build/fire_detection': CMAKE_PREFIX_PATH=/home/insa/Desktop/VigiWheels/raspberryPI3/ros2_ws/install/interfaces:/home/insa/Desktop/VigiWheels/raspberryPI3/ros2_ws/install/fire_detection:/home/insa/ros2_ws/install/my_fire_pkg:/home/insa/ros2_ws/install/demo_sensor_pkg:/home/insa/ros2_ws/install/my_robot_interfaces:/home/insa/ros2_ws/install/my_cpp_pkg:/home/insa/ros2_ws/install/johann_cpp_pkg:/opt/ros/humble /usr/bin/cmake --build /home/insa/Desktop/VigiWheels/raspberryPI3/ros2_ws/build/fire_detection -- -j8 -l8
[0.079s] [35m[1mConsolidate compiler generated dependencies of target serial_reading_node[0m
[0.090s] [ 50%] [32mBuilding CXX object CMakeFiles/serial_reading_node.dir/src/serial_reading.cpp.o[0m
[1.582s] [01m[K/home/insa/Desktop/VigiWheels/raspberryPI3/ros2_ws/src/fire_detection/src/serial_reading.cpp:194:9:[m[K [01;31m[Kerror: [m[Kexpected unqualified-id before â€˜[01m[Kreturn[m[Kâ€™
[1.582s]   194 |         [01;31m[Kreturn[m[K 0;
[1.583s]       |         [01;31m[K^~~~~~[m[K
[1.583s] [01m[K/home/insa/Desktop/VigiWheels/raspberryPI3/ros2_ws/src/fire_detection/src/serial_reading.cpp:195:6:[m[K [01;31m[Kerror: [m[Kexpected â€˜[01m[K;[m[Kâ€™ after class definition
[1.583s]   195 |     }
[1.583s]       |      [01;31m[K^[m[K
[1.583s]       |      [32m[K;[m[K
[1.583s] [01m[K/home/insa/Desktop/VigiWheels/raspberryPI3/ros2_ws/src/fire_detection/src/serial_reading.cpp:[m[K In constructor â€˜[01m[KSerialReadingNode::SerialReadingNode()[m[Kâ€™:
[1.583s] [01m[K/home/insa/Desktop/VigiWheels/raspberryPI3/ros2_ws/src/fire_detection/src/serial_reading.cpp:24:26:[m[K [01;31m[Kerror: [m[Kclass â€˜[01m[KSerialReadingNode[m[Kâ€™ does not have any field named â€˜[01m[Kpublisher_[m[Kâ€™
[1.583s]    24 |                          [01;31m[Kpublisher_[m[K(this->create_publisher<interfaces::msg::FireSensor>("data_fire", 10)),
[1.583s]       |                          [01;31m[K^~~~~~~~~~[m[K
[1.586s] [01m[K/home/insa/Desktop/VigiWheels/raspberryPI3/ros2_ws/src/fire_detection/src/serial_reading.cpp:25:26:[m[K [01;31m[Kerror: [m[Kclass â€˜[01m[KSerialReadingNode[m[Kâ€™ does not have any field named â€˜[01m[Ktimer_[m[Kâ€™
[1.586s]    25 |                          [01;31m[Ktimer_[m[K(this->create_wall_timer(std::chrono::milliseconds(250), bind(&SerialReadingNode::serialCommunication, this)))
[1.586s]       |                          [01;31m[K^~~~~~[m[K
[1.593s] [01m[K/home/insa/Desktop/VigiWheels/raspberryPI3/ros2_ws/src/fire_detection/src/serial_reading.cpp:[m[K In member function â€˜[01m[Kint SerialReadingNode::serialCommunication()[m[Kâ€™:
[1.593s] [01m[K/home/insa/Desktop/VigiWheels/raspberryPI3/ros2_ws/src/fire_detection/src/serial_reading.cpp:148:37:[m[K [01;35m[Kwarning: [m[Kcomparison of integer expressions of different signedness: â€˜[01m[Kint[m[Kâ€™ and â€˜[01m[Klong unsigned int[m[Kâ€™ [[01;35m[K]8;;https://gcc.gnu.org/onlinedocs/gcc/Warning-Options.html#index-Wsign-compare-Wsign-compare]8;;[m[K]
[1.593s]   148 |                     if ([01;35m[Kframe_index >= sizeof(frame_buf) - 1[m[K)
[1.593s]       |                         [01;35m[K~~~~~~~~~~~~^~~~~~~~~~~~~~~~~~~~~~~~[m[K
[1.593s] [01m[K/home/insa/Desktop/VigiWheels/raspberryPI3/ros2_ws/src/fire_detection/src/serial_reading.cpp:158:9:[m[K [01;31m[Kerror: [m[Kexpected â€˜[01m[K;[m[Kâ€™ before â€˜[01m[K}[m[Kâ€™ token
[1.593s]   158 |         [01;31m[K}[m[K
[1.593s]       |         [01;31m[K^[m[K
[1.594s] [01m[K/home/insa/Desktop/VigiWheels/raspberryPI3/ros2_ws/src/fire_detection/src/serial_reading.cpp:[m[K At global scope:
[1.594s] [01m[K/home/insa/Desktop/VigiWheels/raspberryPI3/ros2_ws/src/fire_detection/src/serial_reading.cpp:205:1:[m[K [01;31m[Kerror: [m[Kexpected declaration before â€˜[01m[K}[m[Kâ€™ token
[1.594s]   205 | [01;31m[K}[m[K;
[1.594s]       | [01;31m[K^[m[K
[2.059s] gmake[2]: *** [CMakeFiles/serial_reading_node.dir/build.make:76: CMakeFiles/serial_reading_node.dir/src/serial_reading.cpp.o] Error 1
[2.060s] gmake[1]: *** [CMakeFiles/Makefile2:137: CMakeFiles/serial_reading_node.dir/all] Error 2
[2.060s] gmake: *** [Makefile:146: all] Error 2
[2.061s] Invoked command in '/home/insa/Desktop/VigiWheels/raspberryPI3/ros2_ws/build/fire_detection' returned '2': CMAKE_PREFIX_PATH=/home/insa/Desktop/VigiWheels/raspberryPI3/ros2_ws/install/interfaces:/home/insa/Desktop/VigiWheels/raspberryPI3/ros2_ws/install/fire_detection:/home/insa/ros2_ws/install/my_fire_pkg:/home/insa/ros2_ws/install/demo_sensor_pkg:/home/insa/ros2_ws/install/my_robot_interfaces:/home/insa/ros2_ws/install/my_cpp_pkg:/home/insa/ros2_ws/install/johann_cpp_pkg:/opt/ros/humble /usr/bin/cmake --build /home/insa/Desktop/VigiWheels/raspberryPI3/ros2_ws/build/fire_detection -- -j8 -l8
