[0.050s] Invoking command in '/home/insa/Desktop/VigiWheels/raspberryPI3/ros2_ws/build/fire_detection': CMAKE_PREFIX_PATH=/home/insa/Desktop/VigiWheels/raspberryPI3/ros2_ws/install/interfaces:/home/insa/Desktop/VigiWheels/raspberryPI3/ros2_ws/install/fire_detection:/home/insa/ros2_ws/install/my_fire_pkg:/home/insa/ros2_ws/install/demo_sensor_pkg:/home/insa/ros2_ws/install/my_robot_interfaces:/home/insa/ros2_ws/install/my_cpp_pkg:/home/insa/ros2_ws/install/johann_cpp_pkg:/opt/ros/humble /usr/bin/cmake --build /home/insa/Desktop/VigiWheels/raspberryPI3/ros2_ws/build/fire_detection -- -j8 -l8
[0.079s] [35m[1mConsolidate compiler generated dependencies of target serial_writing_node[0m
[0.087s] [ 66%] Built target serial_reading_node
[0.087s] [ 66%] Built target processing_data_fire_node
[0.089s] [ 83%] [32mBuilding CXX object CMakeFiles/serial_writing_node.dir/src/serial_writing.cpp.o[0m
[1.517s] [01m[K/home/insa/Desktop/VigiWheels/raspberryPI3/ros2_ws/src/fire_detection/src/serial_writing.cpp:133:2:[m[K [01;31m[Kerror: [m[Kexpected â€˜[01m[K}[m[Kâ€™ at end of input
[1.517s]   133 | }
[1.517s]       |  [01;31m[K^[m[K
[1.517s] [01m[K/home/insa/Desktop/VigiWheels/raspberryPI3/ros2_ws/src/fire_detection/src/serial_writing.cpp:18:1:[m[K [01;36m[Knote: [m[Kto match this â€˜[01m[K{[m[Kâ€™
[1.517s]    18 | [01;36m[K{[m[K
[1.517s]       | [01;36m[K^[m[K
[1.526s] [01m[K/home/insa/Desktop/VigiWheels/raspberryPI3/ros2_ws/src/fire_detection/src/serial_writing.cpp:[m[K In constructor â€˜[01m[KSerialWritingNode::SerialWritingNode()[m[Kâ€™:
[1.526s] [01m[K/home/insa/Desktop/VigiWheels/raspberryPI3/ros2_ws/src/fire_detection/src/serial_writing.cpp:23:9:[m[K [01;31m[Kerror: [m[Kâ€˜[01m[Ksubscription_emergency_alert[m[Kâ€™ was not declared in this scope
[1.526s]    23 |         [01;31m[Ksubscription_emergency_alert[m[K = this->create_subscription<interfaces::msg::EmergencyAlertFire>("emergency_alert", 10, std::bind(&SerialWritingNode::EmergencyAlertFireCallBack, this, std::placeholders::_1));
[1.526s]       |         [01;31m[K^~~~~~~~~~~~~~~~~~~~~~~~~~~~[m[K
[1.562s] [01m[K/home/insa/Desktop/VigiWheels/raspberryPI3/ros2_ws/src/fire_detection/src/serial_writing.cpp:[m[K In member function â€˜[01m[Kint SerialWritingNode::EmergencyAlertFireCallBack(const EmergencyAlertFire&)[m[Kâ€™:
[1.562s] [01m[K/home/insa/Desktop/VigiWheels/raspberryPI3/ros2_ws/src/fire_detection/src/serial_writing.cpp:86:21:[m[K [01;31m[Kerror: [m[Kâ€˜[01m[KCLCPP_INFO[m[Kâ€™ was not declared in this scope; did you mean â€˜[01m[KRCLCPP_INFO[m[Kâ€™?
[1.562s]    86 |                     [01;31m[KCLCPP_INFO[m[K(this->get_logger(), "Opened serial port: %s", port);
[1.562s]       |                     [01;31m[K^~~~~~~~~~[m[K
[1.562s]       |                     [32m[KRCLCPP_INFO[m[K
[1.571s] [01m[K/home/insa/Desktop/VigiWheels/raspberryPI3/ros2_ws/src/fire_detection/src/serial_writing.cpp:[m[K In member function â€˜[01m[Kint SerialWritingNode::main(int, char**)[m[Kâ€™:
[1.571s] [01m[K/home/insa/Desktop/VigiWheels/raspberryPI3/ros2_ws/src/fire_detection/src/serial_writing.cpp:133:1:[m[K [01;35m[Kwarning: [m[Kno return statement in function returning non-void [[01;35m[K]8;;https://gcc.gnu.org/onlinedocs/gcc/Warning-Options.html#index-Wreturn-type-Wreturn-type]8;;[m[K]
[1.571s]   133 | [01;35m[K}[m[K
[1.571s]       | [01;35m[K^[m[K
[1.571s] [01m[K/home/insa/Desktop/VigiWheels/raspberryPI3/ros2_ws/src/fire_detection/src/serial_writing.cpp:[m[K At global scope:
[1.571s] [01m[K/home/insa/Desktop/VigiWheels/raspberryPI3/ros2_ws/src/fire_detection/src/serial_writing.cpp:133:2:[m[K [01;31m[Kerror: [m[Kexpected unqualified-id at end of input
[1.571s]   133 | }
[1.571s]       |  [01;31m[K^[m[K
[2.979s] gmake[2]: *** [CMakeFiles/serial_writing_node.dir/build.make:76: CMakeFiles/serial_writing_node.dir/src/serial_writing.cpp.o] Error 1
[2.980s] gmake[1]: *** [CMakeFiles/Makefile2:193: CMakeFiles/serial_writing_node.dir/all] Error 2
[2.980s] gmake: *** [Makefile:146: all] Error 2
[2.982s] Invoked command in '/home/insa/Desktop/VigiWheels/raspberryPI3/ros2_ws/build/fire_detection' returned '2': CMAKE_PREFIX_PATH=/home/insa/Desktop/VigiWheels/raspberryPI3/ros2_ws/install/interfaces:/home/insa/Desktop/VigiWheels/raspberryPI3/ros2_ws/install/fire_detection:/home/insa/ros2_ws/install/my_fire_pkg:/home/insa/ros2_ws/install/demo_sensor_pkg:/home/insa/ros2_ws/install/my_robot_interfaces:/home/insa/ros2_ws/install/my_cpp_pkg:/home/insa/ros2_ws/install/johann_cpp_pkg:/opt/ros/humble /usr/bin/cmake --build /home/insa/Desktop/VigiWheels/raspberryPI3/ros2_ws/build/fire_detection -- -j8 -l8
