-- Found ament_cmake: 1.3.5 (/opt/ros/humble/share/ament_cmake/cmake)
-- Found rclcpp: 16.0.6 (/opt/ros/humble/share/rclcpp/cmake)
-- Found rosidl_generator_c: 3.1.5 (/opt/ros/humble/share/rosidl_generator_c/cmake)
-- Found rosidl_adapter: 3.1.5 (/opt/ros/humble/share/rosidl_adapter/cmake)
-- Found rosidl_generator_cpp: 3.1.5 (/opt/ros/humble/share/rosidl_generator_cpp/cmake)
-- Using all available rosidl_typesupport_c: rosidl_typesupport_fastrtps_c;rosidl_typesupport_introspection_c
-- Using all available rosidl_typesupport_cpp: rosidl_typesupport_fastrtps_cpp;rosidl_typesupport_introspection_cpp
-- Found rmw_implementation_cmake: 6.1.1 (/opt/ros/humble/share/rmw_implementation_cmake/cmake)
-- Found rmw_fastrtps_cpp: 6.2.4 (/opt/ros/humble/share/rmw_fastrtps_cpp/cmake)
-- Using RMW implementation 'rmw_fastrtps_cpp' as default
-- Found interfaces: 0.0.0 (/home/insa/Desktop/VigiWheels2.0/raspberryPI3/ros2_ws/install/interfaces/share/interfaces/cmake)
-- Configuring done
-- Generating done
-- Build files have been written to: /home/insa/Desktop/VigiWheels2.0/raspberryPI3/ros2_ws/build/pressure_level
[ 50%] [32mBuilding CXX object CMakeFiles/pressure_node_ex.dir/src/pressure_node.cpp.o[0m
[01m[K/home/insa/Desktop/VigiWheels2.0/raspberryPI3/ros2_ws/src/pressure_level/src/pressure_node.cpp:[m[K In member function â€˜[01m[Kvoid PressureNode::sendPressureAlert()[m[Kâ€™:
[01m[K/home/insa/Desktop/VigiWheels2.0/raspberryPI3/ros2_ws/src/pressure_level/src/pressure_node.cpp:19:13:[m[K [01;31m[Kerror: [m[Kâ€˜[01m[Kstruct interfaces::msg::PressureLevel_<std::allocator<void> >[m[Kâ€™ has no member named â€˜[01m[Kleve[m[Kâ€™; did you mean â€˜[01m[Klevel[m[Kâ€™?
   19 |         msg.[01;31m[Kleve[m[Kl = "High";
      |             [01;31m[K^~~~[m[K
      |             [32m[Klevel[m[K
gmake[2]: *** [CMakeFiles/pressure_node_ex.dir/build.make:76: CMakeFiles/pressure_node_ex.dir/src/pressure_node.cpp.o] Error 1
gmake[1]: *** [CMakeFiles/Makefile2:137: CMakeFiles/pressure_node_ex.dir/all] Error 2
gmake: *** [Makefile:146: all] Error 2
