[ 75%] [32mBuilding CXX object CMakeFiles/processing_data_fire_node.dir/src/processing_data_fire.cpp.o[0m
[ 75%] Built target serial_reading_node
[01m[K/home/insa/Desktop/VigiWheels/raspberryPI3/ros2_ws/src/fire_detection/src/processing_data_fire.cpp:[m[K In member function â€˜[01m[Kvoid ProcessingDataFireNode::dataFireCallBack(const FireSensor&)[m[Kâ€™:
[01m[K/home/insa/Desktop/VigiWheels/raspberryPI3/ros2_ws/src/fire_detection/src/processing_data_fire.cpp:24:17:[m[K [01;31m[Kerror: [m[Kâ€˜[01m[Kbuffer_[m[Kâ€™ was not declared in this scope
   24 |                 [01;31m[Kbuffer_[m[K[counter_] = msg.ir_sensor1;
      |                 [01;31m[K^~~~~~~[m[K
[01m[K/home/insa/Desktop/VigiWheels/raspberryPI3/ros2_ws/src/fire_detection/src/processing_data_fire.cpp:38:13:[m[K [01;31m[Kerror: [m[Kâ€˜[01m[Kbuffer_[m[Kâ€™ was not declared in this scope
   38 |             [01;31m[Kbuffer_[m[K[counter_ % WINDOW_SIZE] = ir_sensor1_value;
      |             [01;31m[K^~~~~~~[m[K
[01m[K/home/insa/Desktop/VigiWheels/raspberryPI3/ros2_ws/src/fire_detection/src/processing_data_fire.cpp:42:58:[m[K [01;31m[Kerror: [m[Kno matching function for call to â€˜[01m[KProcessingDataFireNode::calculateMovingAverage()[m[Kâ€™
   42 |             double movingAverage = [01;31m[KcalculateMovingAverage()[m[K;
      |                                    [01;31m[K~~~~~~~~~~~~~~~~~~~~~~^~[m[K
[01m[K/home/insa/Desktop/VigiWheels/raspberryPI3/ros2_ws/src/fire_detection/src/processing_data_fire.cpp:109:12:[m[K [01;36m[Knote: [m[Kcandidate: â€˜[01m[Kdouble ProcessingDataFireNode::calculateMovingAverage(int*, int)[m[Kâ€™
  109 |     double [01;36m[KcalculateMovingAverage[m[K(int values[], int currentIndex)
      |            [01;36m[K^~~~~~~~~~~~~~~~~~~~~~[m[K
[01m[K/home/insa/Desktop/VigiWheels/raspberryPI3/ros2_ws/src/fire_detection/src/processing_data_fire.cpp:109:12:[m[K [01;36m[Knote: [m[K  candidate expects 2 arguments, 0 provided
gmake[2]: *** [CMakeFiles/processing_data_fire_node.dir/build.make:76: CMakeFiles/processing_data_fire_node.dir/src/processing_data_fire.cpp.o] Error 1
gmake[1]: *** [CMakeFiles/Makefile2:165: CMakeFiles/processing_data_fire_node.dir/all] Error 2
gmake: *** [Makefile:146: all] Error 2
