[01m[K/home/insa/Desktop/VigiWheels/raspberryPI3/ros2_ws/src/serial_port/src/serial_reading.cpp:[m[K In member function â€˜[01m[Kint SerialReadingNode::receiveDataFire()[m[Kâ€™:
[01m[K/home/insa/Desktop/VigiWheels/raspberryPI3/ros2_ws/src/serial_port/src/serial_reading.cpp:110:13:[m[K [01;31m[Kerror: [m[Kreturn-statement with no value, in function returning â€˜[01m[Kint[m[Kâ€™ [[01;31m[K]8;;https://gcc.gnu.org/onlinedocs/gcc/Warning-Options.html#index-fpermissive-fpermissive]8;;[m[K]
  110 |             [01;31m[Kreturn[m[K;
      |             [01;31m[K^~~~~~[m[K
[01m[K/home/insa/Desktop/VigiWheels/raspberryPI3/ros2_ws/src/serial_port/src/serial_reading.cpp:124:30:[m[K [01;31m[Kerror: [m[Kâ€˜[01m[Kserial_port[m[Kâ€™ was not declared in this scope; did you mean â€˜[01m[Kserial_port_[m[Kâ€™?
  124 |         int num_bytes = read([01;31m[Kserial_port[m[K, read_buf, sizeof(read_buf));
      |                              [01;31m[K^~~~~~~~~~~[m[K
      |                              [32m[Kserial_port_[m[K
[01m[K/home/insa/Desktop/VigiWheels/raspberryPI3/ros2_ws/src/serial_port/src/serial_reading.cpp:129:13:[m[K [01;31m[Kerror: [m[Kbreak statement not within loop or switch
  129 |             [01;31m[Kbreak[m[K;
      |             [01;31m[K^~~~~[m[K
gmake[2]: *** [CMakeFiles/serial_reading_node.dir/build.make:76: CMakeFiles/serial_reading_node.dir/src/serial_reading.cpp.o] Error 1
gmake[1]: *** [CMakeFiles/Makefile2:139: CMakeFiles/serial_reading_node.dir/all] Error 2
gmake: *** [Makefile:146: all] Error 2
