[0.052s] Invoking command in '/home/insa/Desktop/VigiWheels/raspberryPI3/ros2_ws/build/fire_detection': CMAKE_PREFIX_PATH=/home/insa/Desktop/VigiWheels/raspberryPI3/ros2_ws/install/interfaces:/home/insa/Desktop/VigiWheels/raspberryPI3/ros2_ws/install/fire_detection:/home/insa/ros2_ws/install/my_fire_pkg:/home/insa/ros2_ws/install/demo_sensor_pkg:/home/insa/ros2_ws/install/my_robot_interfaces:/home/insa/ros2_ws/install/my_cpp_pkg:/home/insa/ros2_ws/install/johann_cpp_pkg:/opt/ros/humble /usr/bin/cmake --build /home/insa/Desktop/VigiWheels/raspberryPI3/ros2_ws/build/fire_detection -- -j8 -l8
[0.081s] [35m[1mConsolidate compiler generated dependencies of target processing_data_fire_node[0m
[0.081s] [35m[1mConsolidate compiler generated dependencies of target serial_writing_node[0m
[0.089s] [ 33%] Built target serial_reading_node
[0.092s] [ 50%] [32mBuilding CXX object CMakeFiles/processing_data_fire_node.dir/src/processing_data_fire.cpp.o[0m
[0.092s] [ 83%] Built target serial_writing_node
[1.591s] [01m[K/home/insa/Desktop/VigiWheels/raspberryPI3/ros2_ws/src/fire_detection/src/processing_data_fire.cpp:[m[K In member function â€˜[01m[Kvoid ProcessingDataFireNode::dataFireCallBack(const FireSensor&)[m[Kâ€™:
[1.591s] [01m[K/home/insa/Desktop/VigiWheels/raspberryPI3/ros2_ws/src/fire_detection/src/processing_data_fire.cpp:83:13:[m[K [01;31m[Kerror: [m[Kâ€˜[01m[Kresult1[m[Kâ€™ was not declared in this scope; did you mean â€˜[01m[Kresult4[m[Kâ€™?
[1.591s]    83 |         if ([01;31m[Kresult1[m[K == 1 || result2 == 1 || result3 == 1 || result4 == 1)
[1.591s]       |             [01;31m[K^~~~~~~[m[K
[1.591s]       |             [32m[Kresult4[m[K
[1.594s] [01m[K/home/insa/Desktop/VigiWheels/raspberryPI3/ros2_ws/src/fire_detection/src/processing_data_fire.cpp:83:45:[m[K [01;31m[Kerror: [m[Kâ€˜[01m[Kresult3[m[Kâ€™ was not declared in this scope; did you mean â€˜[01m[Kresult4[m[Kâ€™?
[1.594s]    83 |         if (result1 == 1 || result2 == 1 || [01;31m[Kresult3[m[K == 1 || result4 == 1)
[1.594s]       |                                             [01;31m[K^~~~~~~[m[K
[1.594s]       |                                             [32m[Kresult4[m[K
[3.259s] gmake[2]: *** [CMakeFiles/processing_data_fire_node.dir/build.make:76: CMakeFiles/processing_data_fire_node.dir/src/processing_data_fire.cpp.o] Error 1
[3.259s] gmake[1]: *** [CMakeFiles/Makefile2:167: CMakeFiles/processing_data_fire_node.dir/all] Error 2
[3.259s] gmake: *** [Makefile:146: all] Error 2
[3.261s] Invoked command in '/home/insa/Desktop/VigiWheels/raspberryPI3/ros2_ws/build/fire_detection' returned '2': CMAKE_PREFIX_PATH=/home/insa/Desktop/VigiWheels/raspberryPI3/ros2_ws/install/interfaces:/home/insa/Desktop/VigiWheels/raspberryPI3/ros2_ws/install/fire_detection:/home/insa/ros2_ws/install/my_fire_pkg:/home/insa/ros2_ws/install/demo_sensor_pkg:/home/insa/ros2_ws/install/my_robot_interfaces:/home/insa/ros2_ws/install/my_cpp_pkg:/home/insa/ros2_ws/install/johann_cpp_pkg:/opt/ros/humble /usr/bin/cmake --build /home/insa/Desktop/VigiWheels/raspberryPI3/ros2_ws/build/fire_detection -- -j8 -l8
