[35m[1mConsolidate compiler generated dependencies of target processing_data_fire_node[0m
[35m[1mConsolidate compiler generated dependencies of target serial_reading_node[0m
[ 50%] [32mBuilding CXX object CMakeFiles/processing_data_fire_node.dir/src/processing_data_fire.cpp.o[0m
[ 50%] [32mBuilding CXX object CMakeFiles/serial_reading_node.dir/src/serial_reading.cpp.o[0m
[01m[K/home/insa/Desktop/VigiWheels/raspberryPI3/ros2_ws/src/fire_detection/src/serial_reading.cpp:161:68:[m[K [01;31m[Kerror: [m[Ktemplate argument 1 is invalid
  161 |     std::shared_ptr<rclcpp::Publisher<interfaces::msg::FireSensor> [01;31m[Kpublisher_serial_reading[m[K;
      |                                                                    [01;31m[K^~~~~~~~~~~~~~~~~~~~~~~~[m[K
[01m[K/home/insa/Desktop/VigiWheels/raspberryPI3/ros2_ws/src/fire_detection/src/processing_data_fire.cpp:97:68:[m[K [01;31m[Kerror: [m[Ktemplate argument 1 is invalid
   97 |     std::shared_ptr<rclcpp::Publisher<interfaces::msg::FireSensor> [01;31m[Kpublisher_processing_data[m[K;
      |                                                                    [01;31m[K^~~~~~~~~~~~~~~~~~~~~~~~~[m[K
[01m[K/home/insa/Desktop/VigiWheels/raspberryPI3/ros2_ws/src/fire_detection/src/serial_reading.cpp:[m[K In constructor â€˜[01m[KSerialReadingNode::SerialReadingNode()[m[Kâ€™:
[01m[K/home/insa/Desktop/VigiWheels/raspberryPI3/ros2_ws/src/fire_detection/src/serial_reading.cpp:24:9:[m[K [01;31m[Kerror: [m[Kâ€˜[01m[Kpublisher_serial_reading[m[Kâ€™ was not declared in this scope; did you mean â€˜[01m[Ktimer_serial_reading[m[Kâ€™?
   24 |         [01;31m[Kpublisher_serial_reading[m[K = this->create_publisher<interfaces::msg::FireSensor>("data_fire", 10);
      |         [01;31m[K^~~~~~~~~~~~~~~~~~~~~~~~[m[K
      |         [32m[Ktimer_serial_reading[m[K
[01m[K/home/insa/Desktop/VigiWheels/raspberryPI3/ros2_ws/src/fire_detection/src/serial_reading.cpp:[m[K In member function â€˜[01m[Kint SerialReadingNode::serialCommunication()[m[Kâ€™:
[01m[K/home/insa/Desktop/VigiWheels/raspberryPI3/ros2_ws/src/fire_detection/src/serial_reading.cpp:149:17:[m[K [01;31m[Kerror: [m[Kâ€˜[01m[Kpublisher_serial_reading[m[Kâ€™ was not declared in this scope; did you mean â€˜[01m[Ktimer_serial_reading[m[Kâ€™?
  149 |                 [01;31m[Kpublisher_serial_reading[m[K->publish(msg);
      |                 [01;31m[K^~~~~~~~~~~~~~~~~~~~~~~~[m[K
      |                 [32m[Ktimer_serial_reading[m[K
[01m[K/home/insa/Desktop/VigiWheels/raspberryPI3/ros2_ws/src/fire_detection/src/processing_data_fire.cpp:[m[K In constructor â€˜[01m[KProcessingDataFireNode::ProcessingDataFireNode()[m[Kâ€™:
[01m[K/home/insa/Desktop/VigiWheels/raspberryPI3/ros2_ws/src/fire_detection/src/processing_data_fire.cpp:16:9:[m[K [01;31m[Kerror: [m[Kâ€˜[01m[Kpublisher_processing_data[m[Kâ€™ was not declared in this scope; did you mean â€˜[01m[Ktimer_proccesing_data[m[Kâ€™?
   16 |         [01;31m[Kpublisher_processing_data[m[K = this->create_publisher<interfaces::msg::FireSensor>("emergency_data", 10);
      |         [01;31m[K^~~~~~~~~~~~~~~~~~~~~~~~~[m[K
      |         [32m[Ktimer_proccesing_data[m[K
[01m[K/home/insa/Desktop/VigiWheels/raspberryPI3/ros2_ws/src/fire_detection/src/processing_data_fire.cpp:17:95:[m[K [01;31m[Kerror: [m[Kâ€˜[01m[KSerialReadingNode[m[Kâ€™ has not been declared
   17 |         timer_proccesing_data = this->create_wall_timer(std::chrono::milliseconds(250), bind(&[01;31m[KSerialReadingNode[m[K::serialCommunication, this));
      |                                                                                               [01;31m[K^~~~~~~~~~~~~~~~~[m[K
gmake[2]: *** [CMakeFiles/serial_reading_node.dir/build.make:76: CMakeFiles/serial_reading_node.dir/src/serial_reading.cpp.o] Error 1
gmake[1]: *** [CMakeFiles/Makefile2:139: CMakeFiles/serial_reading_node.dir/all] Error 2
gmake[1]: *** Waiting for unfinished jobs....
gmake[2]: *** [CMakeFiles/processing_data_fire_node.dir/build.make:76: CMakeFiles/processing_data_fire_node.dir/src/processing_data_fire.cpp.o] Error 1
gmake[1]: *** [CMakeFiles/Makefile2:165: CMakeFiles/processing_data_fire_node.dir/all] Error 2
gmake: *** [Makefile:146: all] Error 2
