[01m[K/home/insa/Desktop/VigiWheels/raspberryPI3/ros2_ws/src/fire_detection/src/processing_data_fire.cpp:45:29:[m[K [01;31m[Kerror: [m[Kâ€˜[01m[KFALSE[m[Kâ€™ was not declared in this scope
   45 |     bool fire_is_detected = [01;31m[KFALSE[m[K;
      |                             [01;31m[K^~~~~[m[K
gmake[2]: *** [CMakeFiles/processing_data_fire_node.dir/build.make:76: CMakeFiles/processing_data_fire_node.dir/src/processing_data_fire.cpp.o] Error 1
gmake[1]: *** [CMakeFiles/Makefile2:165: CMakeFiles/processing_data_fire_node.dir/all] Error 2
gmake: *** [Makefile:146: all] Error 2
