[35m[1mConsolidate compiler generated dependencies of target processing_data_fire_node[0m
[ 50%] Built target serial_reading_node
[ 75%] [32mBuilding CXX object CMakeFiles/processing_data_fire_node.dir/src/processing_data_fire.cpp.o[0m
[01m[K/home/insa/Desktop/VigiWheels/raspberryPI3/ros2_ws/src/fire_detection/src/processing_data_fire.cpp:[m[K In member function â€˜[01m[Kvoid ProcessingDataFireNode::dataFireCallBack(const FireSensor&)[m[Kâ€™:
[01m[K/home/insa/Desktop/VigiWheels/raspberryPI3/ros2_ws/src/fire_detection/src/processing_data_fire.cpp:18:41:[m[K [01;31m[Kerror: [m[Kâ€˜[01m[Kir_sensor1[m[Kâ€™ was not declared in this scope
   18 |             previous_ir_sensor1_value = [01;31m[Kir_sensor1[m[K;
      |                                         [01;31m[K^~~~~~~~~~[m[K
gmake[2]: *** [CMakeFiles/processing_data_fire_node.dir/build.make:76: CMakeFiles/processing_data_fire_node.dir/src/processing_data_fire.cpp.o] Error 1
gmake[1]: *** [CMakeFiles/Makefile2:165: CMakeFiles/processing_data_fire_node.dir/all] Error 2
gmake: *** [Makefile:146: all] Error 2
