[0.061s] Invoking command in '/home/pi/ros2_ws/src/build/obstacles': CMAKE_PREFIX_PATH=${CMAKE_PREFIX_PATH}:/opt/ros/humble /usr/bin/cmake /home/pi/ros2_ws/src/obstacles -DCMAKE_INSTALL_PREFIX=/home/pi/ros2_ws/src/install/obstacles
[0.336s] -- The C compiler identification is GNU 11.2.0
[0.585s] -- The CXX compiler identification is GNU 11.2.0
[0.614s] -- Detecting C compiler ABI info
[0.940s] -- Detecting C compiler ABI info - done
[0.967s] -- Check for working C compiler: /usr/bin/cc - skipped
[0.968s] -- Detecting C compile features
[0.969s] -- Detecting C compile features - done
[0.980s] -- Detecting CXX compiler ABI info
[1.336s] -- Detecting CXX compiler ABI info - done
[1.362s] -- Check for working CXX compiler: /usr/bin/c++ - skipped
[1.362s] -- Detecting CXX compile features
[1.364s] -- Detecting CXX compile features - done
[1.398s] -- Found ament_cmake: 1.3.2 (/opt/ros/humble/share/ament_cmake/cmake)
[2.277s] -- Found Python3: /usr/bin/python3.10 (found version "3.10.4") found components: Interpreter 
[2.993s] -- Found rclcpp: 16.0.1 (/opt/ros/humble/share/rclcpp/cmake)
[3.524s] -- Found rosidl_generator_c: 3.1.3 (/opt/ros/humble/share/rosidl_generator_c/cmake)
[3.592s] -- Found rosidl_adapter: 3.1.3 (/opt/ros/humble/share/rosidl_adapter/cmake)
[3.673s] -- Found rosidl_generator_cpp: 3.1.3 (/opt/ros/humble/share/rosidl_generator_cpp/cmake)
[3.778s] -- Using all available rosidl_typesupport_c: rosidl_typesupport_fastrtps_c;rosidl_typesupport_introspection_c
[3.928s] -- Using all available rosidl_typesupport_cpp: rosidl_typesupport_fastrtps_cpp;rosidl_typesupport_introspection_cpp
[4.373s] -- Found rmw_implementation_cmake: 6.1.0 (/opt/ros/humble/share/rmw_implementation_cmake/cmake)
[4.409s] -- Found rmw_fastrtps_cpp: 6.2.1 (/opt/ros/humble/share/rmw_fastrtps_cpp/cmake)
[5.060s] -- Found OpenSSL: /usr/lib/aarch64-linux-gnu/libcrypto.so (found version "3.0.2")  
[5.274s] -- Found FastRTPS: /opt/ros/humble/include  
[5.647s] -- Using RMW implementation 'rmw_fastrtps_cpp' as default
[6.332s] -- Found interfaces: 0.0.0 (/home/pi/ros2_ws/install/interfaces/share/interfaces/cmake)
[6.425s] -- Found sensor_msgs: 4.2.2 (/opt/ros/humble/share/sensor_msgs/cmake)
[6.935s] -- Found std_srvs: 4.2.2 (/opt/ros/humble/share/std_srvs/cmake)
[7.036s] -- Found ament_lint_auto: 0.12.4 (/opt/ros/humble/share/ament_lint_auto/cmake)
[7.556s] -- Added test 'cppcheck' to perform static code analysis on C / C++ code
[7.556s] -- Configured cppcheck include dirs: $<BUILD_INTERFACE:/home/pi/ros2_ws/src/obstacles/include>
[7.557s] -- Configured cppcheck exclude dirs and/or files: 
[7.562s] -- Added test 'lint_cmake' to check CMake code style
[7.571s] -- Added test 'uncrustify' to check C / C++ code style
[7.571s] -- Configured uncrustify additional arguments: 
[7.575s] -- Added test 'xmllint' to check XML markup files
[7.586s] -- Configuring done
[7.647s] -- Generating done
[7.654s] -- Build files have been written to: /home/pi/ros2_ws/src/build/obstacles
[7.692s] Invoked command in '/home/pi/ros2_ws/src/build/obstacles' returned '0': CMAKE_PREFIX_PATH=${CMAKE_PREFIX_PATH}:/opt/ros/humble /usr/bin/cmake /home/pi/ros2_ws/src/obstacles -DCMAKE_INSTALL_PREFIX=/home/pi/ros2_ws/src/install/obstacles
[7.703s] Invoking command in '/home/pi/ros2_ws/src/build/obstacles': CMAKE_PREFIX_PATH=${CMAKE_PREFIX_PATH}:/opt/ros/humble /usr/bin/cmake --build /home/pi/ros2_ws/src/build/obstacles -- -j4 -l4
[7.932s] [ 50%] [32mBuilding CXX object CMakeFiles/obstacles.dir/src/obstacles_node.cpp.o[0m
[16.250s] gmake[2]: *** [CMakeFiles/obstacles.dir/build.make:76: CMakeFiles/obstacles.dir/src/obstacles_node.cpp.o] Interrupt
[16.251s] gmake[1]: *** [CMakeFiles/Makefile2:137: CMakeFiles/obstacles.dir/all] Interrupt
[16.252s] gmake: *** [Makefile:146: all] Interrupt
[16.296s] Invoked command in '/home/pi/ros2_ws/src/build/obstacles' returned '-2': CMAKE_PREFIX_PATH=${CMAKE_PREFIX_PATH}:/opt/ros/humble /usr/bin/cmake --build /home/pi/ros2_ws/src/build/obstacles -- -j4 -l4
